\BOOKMARK [1][-]{section.1}{UI Module}{}% 1
\BOOKMARK [2][-]{subsection.1.1}{Module}{section.1}% 2
\BOOKMARK [2][-]{subsection.1.2}{Uses}{section.1}% 3
\BOOKMARK [2][-]{subsection.1.3}{Syntax}{section.1}% 4
\BOOKMARK [3][-]{subsubsection.1.3.1}{Exported Access Programs}{subsection.1.3}% 5
\BOOKMARK [2][-]{subsection.1.4}{Semantics}{section.1}% 6
\BOOKMARK [3][-]{subsubsection.1.4.1}{State Variables}{subsection.1.4}% 7
\BOOKMARK [3][-]{subsubsection.1.4.2}{State Invariant}{subsection.1.4}% 8
\BOOKMARK [3][-]{subsubsection.1.4.3}{Access Routine Semantics}{subsection.1.4}% 9
\BOOKMARK [1][-]{section.2}{Sprite Animation Module}{}% 10
\BOOKMARK [2][-]{subsection.2.1}{Template Module}{section.2}% 11
\BOOKMARK [2][-]{subsection.2.2}{Uses}{section.2}% 12
\BOOKMARK [2][-]{subsection.2.3}{Syntax}{section.2}% 13
\BOOKMARK [3][-]{subsubsection.2.3.1}{Exported Constants}{subsection.2.3}% 14
\BOOKMARK [3][-]{subsubsection.2.3.2}{Exported Types}{subsection.2.3}% 15
\BOOKMARK [3][-]{subsubsection.2.3.3}{Exported Access Programs}{subsection.2.3}% 16
\BOOKMARK [2][-]{subsection.2.4}{Semantics}{section.2}% 17
\BOOKMARK [3][-]{subsubsection.2.4.1}{State Variables}{subsection.2.4}% 18
\BOOKMARK [3][-]{subsubsection.2.4.2}{State Invariant}{subsection.2.4}% 19
\BOOKMARK [3][-]{subsubsection.2.4.3}{Assumptions}{subsection.2.4}% 20
\BOOKMARK [3][-]{subsubsection.2.4.4}{Access Routine Semantics}{subsection.2.4}% 21
\BOOKMARK [1][-]{section.3}{Character Module}{}% 22
\BOOKMARK [2][-]{subsection.3.1}{Template Module}{section.3}% 23
\BOOKMARK [2][-]{subsection.3.2}{Uses}{section.3}% 24
\BOOKMARK [2][-]{subsection.3.3}{Syntax}{section.3}% 25
\BOOKMARK [3][-]{subsubsection.3.3.1}{Exported Constants}{subsection.3.3}% 26
\BOOKMARK [3][-]{subsubsection.3.3.2}{Exported Types}{subsection.3.3}% 27
\BOOKMARK [3][-]{subsubsection.3.3.3}{Exported Access Programs}{subsection.3.3}% 28
\BOOKMARK [2][-]{subsection.3.4}{Semantics}{section.3}% 29
\BOOKMARK [3][-]{subsubsection.3.4.1}{State Variables}{subsection.3.4}% 30
\BOOKMARK [3][-]{subsubsection.3.4.2}{State Invariant}{subsection.3.4}% 31
\BOOKMARK [3][-]{subsubsection.3.4.3}{Assumptions}{subsection.3.4}% 32
\BOOKMARK [3][-]{subsubsection.3.4.4}{Access Routine Semantics}{subsection.3.4}% 33
\BOOKMARK [1][-]{section.4}{Animation Module}{}% 34
\BOOKMARK [2][-]{subsection.4.1}{Template Module}{section.4}% 35
\BOOKMARK [2][-]{subsection.4.2}{Uses}{section.4}% 36
\BOOKMARK [2][-]{subsection.4.3}{Syntax}{section.4}% 37
\BOOKMARK [3][-]{subsubsection.4.3.1}{Exported Types}{subsection.4.3}% 38
\BOOKMARK [3][-]{subsubsection.4.3.2}{Exported Access Programs}{subsection.4.3}% 39
\BOOKMARK [2][-]{subsection.4.4}{Semantics}{section.4}% 40
\BOOKMARK [3][-]{subsubsection.4.4.1}{State Variables}{subsection.4.4}% 41
\BOOKMARK [3][-]{subsubsection.4.4.2}{State Invariant}{subsection.4.4}% 42
\BOOKMARK [3][-]{subsubsection.4.4.3}{Assumptions}{subsection.4.4}% 43
\BOOKMARK [3][-]{subsubsection.4.4.4}{Access Routine Semantics}{subsection.4.4}% 44
\BOOKMARK [1][-]{section.5}{DinoDodger Module}{}% 45
\BOOKMARK [2][-]{subsection.5.1}{Template Module}{section.5}% 46
\BOOKMARK [2][-]{subsection.5.2}{Uses}{section.5}% 47
\BOOKMARK [2][-]{subsection.5.3}{Syntax}{section.5}% 48
\BOOKMARK [3][-]{subsubsection.5.3.1}{Exported Types}{subsection.5.3}% 49
\BOOKMARK [3][-]{subsubsection.5.3.2}{Exported Access Programs}{subsection.5.3}% 50
\BOOKMARK [2][-]{subsection.5.4}{Semantics}{section.5}% 51
\BOOKMARK [3][-]{subsubsection.5.4.1}{State Variables}{subsection.5.4}% 52
\BOOKMARK [3][-]{subsubsection.5.4.2}{State Invariant}{subsection.5.4}% 53
\BOOKMARK [3][-]{subsubsection.5.4.3}{Assumptions}{subsection.5.4}% 54
\BOOKMARK [3][-]{subsubsection.5.4.4}{Access Routine Semantics}{subsection.5.4}% 55
\BOOKMARK [1][-]{section.6}{UI Module}{}% 56
\BOOKMARK [2][-]{subsection.6.1}{Module}{section.6}% 57
\BOOKMARK [2][-]{subsection.6.2}{Uses}{section.6}% 58
\BOOKMARK [2][-]{subsection.6.3}{Syntax}{section.6}% 59
\BOOKMARK [3][-]{subsubsection.6.3.1}{Exported Access Programs}{subsection.6.3}% 60
\BOOKMARK [2][-]{subsection.6.4}{Semantics}{section.6}% 61
\BOOKMARK [3][-]{subsubsection.6.4.1}{State Variables}{subsection.6.4}% 62
\BOOKMARK [3][-]{subsubsection.6.4.2}{State Invariant}{subsection.6.4}% 63
\BOOKMARK [3][-]{subsubsection.6.4.3}{Access Routine Semantics}{subsection.6.4}% 64
\BOOKMARK [1][-]{section.7}{Sprite Animation Module}{}% 65
\BOOKMARK [2][-]{subsection.7.1}{Template Module}{section.7}% 66
\BOOKMARK [2][-]{subsection.7.2}{Uses}{section.7}% 67
\BOOKMARK [2][-]{subsection.7.3}{Syntax}{section.7}% 68
\BOOKMARK [3][-]{subsubsection.7.3.1}{Exported Constants}{subsection.7.3}% 69
\BOOKMARK [3][-]{subsubsection.7.3.2}{Exported Types}{subsection.7.3}% 70
\BOOKMARK [3][-]{subsubsection.7.3.3}{Exported Access Programs}{subsection.7.3}% 71
\BOOKMARK [2][-]{subsection.7.4}{Semantics}{section.7}% 72
\BOOKMARK [3][-]{subsubsection.7.4.1}{State Variables}{subsection.7.4}% 73
\BOOKMARK [3][-]{subsubsection.7.4.2}{State Invariant}{subsection.7.4}% 74
\BOOKMARK [3][-]{subsubsection.7.4.3}{Assumptions}{subsection.7.4}% 75
\BOOKMARK [3][-]{subsubsection.7.4.4}{Access Routine Semantics}{subsection.7.4}% 76
\BOOKMARK [1][-]{section.8}{Character Module}{}% 77
\BOOKMARK [2][-]{subsection.8.1}{Template Module}{section.8}% 78
\BOOKMARK [2][-]{subsection.8.2}{Uses}{section.8}% 79
\BOOKMARK [2][-]{subsection.8.3}{Syntax}{section.8}% 80
\BOOKMARK [3][-]{subsubsection.8.3.1}{Exported Constants}{subsection.8.3}% 81
\BOOKMARK [3][-]{subsubsection.8.3.2}{Exported Types}{subsection.8.3}% 82
\BOOKMARK [3][-]{subsubsection.8.3.3}{Exported Access Programs}{subsection.8.3}% 83
\BOOKMARK [2][-]{subsection.8.4}{Semantics}{section.8}% 84
\BOOKMARK [3][-]{subsubsection.8.4.1}{State Variables}{subsection.8.4}% 85
\BOOKMARK [3][-]{subsubsection.8.4.2}{State Invariant}{subsection.8.4}% 86
\BOOKMARK [3][-]{subsubsection.8.4.3}{Assumptions}{subsection.8.4}% 87
\BOOKMARK [3][-]{subsubsection.8.4.4}{Access Routine Semantics}{subsection.8.4}% 88
\BOOKMARK [1][-]{section.9}{Animation Module}{}% 89
\BOOKMARK [2][-]{subsection.9.1}{Template Module}{section.9}% 90
\BOOKMARK [2][-]{subsection.9.2}{Uses}{section.9}% 91
\BOOKMARK [2][-]{subsection.9.3}{Syntax}{section.9}% 92
\BOOKMARK [3][-]{subsubsection.9.3.1}{Exported Types}{subsection.9.3}% 93
\BOOKMARK [3][-]{subsubsection.9.3.2}{Exported Access Programs}{subsection.9.3}% 94
\BOOKMARK [2][-]{subsection.9.4}{Semantics}{section.9}% 95
\BOOKMARK [3][-]{subsubsection.9.4.1}{State Variables}{subsection.9.4}% 96
\BOOKMARK [3][-]{subsubsection.9.4.2}{State Invariant}{subsection.9.4}% 97
\BOOKMARK [3][-]{subsubsection.9.4.3}{Assumptions}{subsection.9.4}% 98
\BOOKMARK [3][-]{subsubsection.9.4.4}{Access Routine Semantics}{subsection.9.4}% 99
\BOOKMARK [1][-]{section.10}{DinoDodger Module}{}% 100
\BOOKMARK [2][-]{subsection.10.1}{Template Module}{section.10}% 101
\BOOKMARK [2][-]{subsection.10.2}{Uses}{section.10}% 102
\BOOKMARK [2][-]{subsection.10.3}{Syntax}{section.10}% 103
\BOOKMARK [3][-]{subsubsection.10.3.1}{Exported Types}{subsection.10.3}% 104
\BOOKMARK [3][-]{subsubsection.10.3.2}{Exported Access Programs}{subsection.10.3}% 105
\BOOKMARK [2][-]{subsection.10.4}{Semantics}{section.10}% 106
\BOOKMARK [3][-]{subsubsection.10.4.1}{State Variables}{subsection.10.4}% 107
\BOOKMARK [3][-]{subsubsection.10.4.2}{State Invariant}{subsection.10.4}% 108
\BOOKMARK [3][-]{subsubsection.10.4.3}{Assumptions}{subsection.10.4}% 109
\BOOKMARK [3][-]{subsubsection.10.4.4}{Access Routine Semantics}{subsection.10.4}% 110
\BOOKMARK [1][-]{section.11}{Cactus Module}{}% 111
\BOOKMARK [2][-]{subsection.11.1}{Template Module}{section.11}% 112
\BOOKMARK [2][-]{subsection.11.2}{Uses}{section.11}% 113
\BOOKMARK [2][-]{subsection.11.3}{Syntax}{section.11}% 114
\BOOKMARK [3][-]{subsubsection.11.3.1}{Exported Constants}{subsection.11.3}% 115
\BOOKMARK [3][-]{subsubsection.11.3.2}{Exported Types}{subsection.11.3}% 116
\BOOKMARK [3][-]{subsubsection.11.3.3}{Exported Access Programs}{subsection.11.3}% 117
\BOOKMARK [2][-]{subsection.11.4}{Semantics}{section.11}% 118
\BOOKMARK [3][-]{subsubsection.11.4.1}{State Variables}{subsection.11.4}% 119
\BOOKMARK [3][-]{subsubsection.11.4.2}{State Invariant}{subsection.11.4}% 120
\BOOKMARK [3][-]{subsubsection.11.4.3}{Assumptions}{subsection.11.4}% 121
\BOOKMARK [3][-]{subsubsection.11.4.4}{Access Routine Semantics}{subsection.11.4}% 122
\BOOKMARK [1][-]{section.12}{Pteradactyl Module}{}% 123
\BOOKMARK [2][-]{subsection.12.1}{Template Module}{section.12}% 124
\BOOKMARK [2][-]{subsection.12.2}{Uses}{section.12}% 125
\BOOKMARK [2][-]{subsection.12.3}{Syntax}{section.12}% 126
\BOOKMARK [3][-]{subsubsection.12.3.1}{Exported Constants}{subsection.12.3}% 127
\BOOKMARK [3][-]{subsubsection.12.3.2}{Exported Types}{subsection.12.3}% 128
\BOOKMARK [3][-]{subsubsection.12.3.3}{Exported Access Programs}{subsection.12.3}% 129
\BOOKMARK [2][-]{subsection.12.4}{Semantics}{section.12}% 130
\BOOKMARK [3][-]{subsubsection.12.4.1}{State Variables}{subsection.12.4}% 131
\BOOKMARK [3][-]{subsubsection.12.4.2}{State Invariant}{subsection.12.4}% 132
\BOOKMARK [3][-]{subsubsection.12.4.3}{Assumptions}{subsection.12.4}% 133
\BOOKMARK [3][-]{subsubsection.12.4.4}{Access Routine Semantics}{subsection.12.4}% 134
\BOOKMARK [1][-]{section.13}{PointCounter Module}{}% 135
\BOOKMARK [2][-]{subsection.13.1}{Template Module}{section.13}% 136
\BOOKMARK [2][-]{subsection.13.2}{Uses}{section.13}% 137
\BOOKMARK [2][-]{subsection.13.3}{Syntax}{section.13}% 138
\BOOKMARK [3][-]{subsubsection.13.3.1}{Exported Constants}{subsection.13.3}% 139
\BOOKMARK [3][-]{subsubsection.13.3.2}{Exported Types}{subsection.13.3}% 140
\BOOKMARK [3][-]{subsubsection.13.3.3}{Exported Access Programs}{subsection.13.3}% 141
\BOOKMARK [2][-]{subsection.13.4}{Semantics}{section.13}% 142
\BOOKMARK [3][-]{subsubsection.13.4.1}{State Variables}{subsection.13.4}% 143
\BOOKMARK [3][-]{subsubsection.13.4.2}{State Invariant}{subsection.13.4}% 144
\BOOKMARK [3][-]{subsubsection.13.4.3}{Assumptions}{subsection.13.4}% 145
\BOOKMARK [3][-]{subsubsection.13.4.4}{Access Routine Semantics}{subsection.13.4}% 146
